# JRE version: OpenJDK Runtime Environment Temurin-21.0.1+12 (21.0.1+12) (build 21.0.1+12-LTS)
# Java VM: OpenJDK 64-Bit Server VM Temurin-21.0.1+12 (21.0.1+12-LTS, mixed mode, sharing, tiered, compressed oops, compressed class ptrs, g1 gc, windows-amd64)
GC Precious Log:
 CardTable entry size: 512
 Card Set container configuration: InlinePtr #cards 4 size 8 Array Of Cards #cards 16 size 48 Howl #buckets 8 coarsen threshold 3686 Howl Bitmap #cards 512 size 80 coarsen threshold 460 Card regions per heap region 1 cards per card region 4096
 CPUs: 12 total, 12 available
 Memory: 16068M
 Large Page Support: Disabled
 NUMA Support: Disabled
 Compressed Oops: Enabled (Zero based)
 Heap Region Size: 2M
 Heap Min Capacity: 512M
 Heap Initial Capacity: 512M
 Heap Max Capacity: 4072M
 Pre-touch: Disabled
 Parallel Workers: 10
 Concurrent Workers: 3
 Concurrent Refinement Workers: 10
 Periodic GC: Disabled
 String Deduplication is enabled
Heap:
 garbage-first heap   total 739328K, used 135924K [0x0000000701800000, 0x0000000800000000)
  region size 2048K, 33 young (67584K), 4 survivors (8192K)
 Metaspace       used 56528K, committed 57024K, reserved 1114112K
  class space    used 7440K, committed 7680K, reserved 1048576K
GC Heap History (16 events):
Event: 1.264 GC heap before
{Heap before GC invocations=0 (full 0):
 garbage-first heap   total 524288K, used 81920K [0x0000000701800000, 0x0000000800000000)
  region size 2048K, 40 young (81920K), 0 survivors (0K)
 Metaspace       used 8885K, committed 9024K, reserved 1114112K
  class space    used 705K, committed 768K, reserved 1048576K
}
Event: 1.327 GC heap after
{Heap after GC invocations=1 (full 0):
 garbage-first heap   total 524288K, used 20044K [0x0000000701800000, 0x0000000800000000)
  region size 2048K, 5 young (10240K), 5 survivors (10240K)
 Metaspace       used 8885K, committed 9024K, reserved 1114112K
  class space    used 705K, committed 768K, reserved 1048576K
}
Event: 2.730 GC heap before
{Heap before GC invocations=1 (full 0):
 garbage-first heap   total 524288K, used 91724K [0x0000000701800000, 0x0000000800000000)
  region size 2048K, 40 young (81920K), 5 survivors (10240K)
 Metaspace       used 19408K, committed 19712K, reserved 1114112K
  class space    used 1902K, committed 2048K, reserved 1048576K
}
Event: 2.735 GC heap after
{Heap after GC invocations=2 (full 0):
 garbage-first heap   total 524288K, used 26611K [0x0000000701800000, 0x0000000800000000)
  region size 2048K, 3 young (6144K), 3 survivors (6144K)
 Metaspace       used 19408K, committed 19712K, reserved 1114112K
  class space    used 1902K, committed 2048K, reserved 1048576K
}
Event: 3.136 GC heap before
{Heap before GC invocations=2 (full 0):
 garbage-first heap   total 524288K, used 63475K [0x0000000701800000, 0x0000000800000000)
  region size 2048K, 17 young (34816K), 3 survivors (6144K)
 Metaspace       used 21284K, committed 21504K, reserved 1114112K
  class space    used 2194K, committed 2304K, reserved 1048576K
}
Event: 3.139 GC heap after
{Heap after GC invocations=3 (full 0):
 garbage-first heap   total 524288K, used 27282K [0x0000000701800000, 0x0000000800000000)
  region size 2048K, 3 young (6144K), 3 survivors (6144K)
 Metaspace       used 21284K, committed 21504K, reserved 1114112K
  class space    used 2194K, committed 2304K, reserved 1048576K
}
Event: 5.853 GC heap before
{Heap before GC invocations=4 (full 0):
 garbage-first heap   total 524288K, used 135826K [0x0000000701800000, 0x0000000800000000)
  region size 2048K, 33 young (67584K), 3 survivors (6144K)
 Metaspace       used 36032K, committed 36288K, reserved 1114112K
  class space    used 4229K, committed 4352K, reserved 1048576K
}
Event: 5.859 GC heap after
{Heap after GC invocations=5 (full 0):
 garbage-first heap   total 524288K, used 52990K [0x0000000701800000, 0x0000000800000000)
  region size 2048K, 4 young (8192K), 4 survivors (8192K)
 Metaspace       used 36032K, committed 36288K, reserved 1114112K
  class space    used 4229K, committed 4352K, reserved 1048576K
}
Event: 5.909 GC heap before
{Heap before GC invocations=5 (full 0):
 garbage-first heap   total 524288K, used 52990K [0x0000000701800000, 0x0000000800000000)
  region size 2048K, 5 young (10240K), 4 survivors (8192K)
 Metaspace       used 36368K, committed 36608K, reserved 1114112K
  class space    used 4309K, committed 4416K, reserved 1048576K
}
Event: 5.912 GC heap after
{Heap after GC invocations=6 (full 0):
 garbage-first heap   total 524288K, used 50706K [0x0000000701800000, 0x0000000800000000)
  region size 2048K, 1 young (2048K), 1 survivors (2048K)
 Metaspace       used 36368K, committed 36608K, reserved 1114112K
  class space    used 4309K, committed 4416K, reserved 1048576K
}
Event: 5.986 GC heap before
{Heap before GC invocations=6 (full 0):
 garbage-first heap   total 524288K, used 54802K [0x0000000701800000, 0x0000000800000000)
  region size 2048K, 4 young (8192K), 1 survivors (2048K)
 Metaspace       used 36676K, committed 36928K, reserved 1114112K
  class space    used 4326K, committed 4480K, reserved 1048576K
}
Event: 5.988 GC heap after
{Heap after GC invocations=7 (full 0):
 garbage-first heap   total 524288K, used 50665K [0x0000000701800000, 0x0000000800000000)
  region size 2048K, 1 young (2048K), 1 survivors (2048K)
 Metaspace       used 36676K, committed 36928K, reserved 1114112K
  class space    used 4326K, committed 4480K, reserved 1048576K
}
Event: 11.146 GC heap before
{Heap before GC invocations=8 (full 0):
 garbage-first heap   total 524288K, used 128489K [0x0000000701800000, 0x0000000800000000)
  region size 2048K, 40 young (81920K), 1 survivors (2048K)
 Metaspace       used 46865K, committed 47168K, reserved 1114112K
  class space    used 5880K, committed 6016K, reserved 1048576K
}
Event: 11.152 GC heap after
{Heap after GC invocations=9 (full 0):
 garbage-first heap   total 739328K, used 61895K [0x0000000701800000, 0x0000000800000000)
  region size 2048K, 5 young (10240K), 5 survivors (10240K)
 Metaspace       used 46865K, committed 47168K, reserved 1114112K
  class space    used 5880K, committed 6016K, reserved 1048576K
}
Event: 13.474 GC heap before
{Heap before GC invocations=9 (full 0):
 garbage-first heap   total 739328K, used 131527K [0x0000000701800000, 0x0000000800000000)
  region size 2048K, 40 young (81920K), 5 survivors (10240K)
 Metaspace       used 53343K, committed 53760K, reserved 1114112K
  class space    used 6955K, committed 7168K, reserved 1048576K
}
Event: 13.482 GC heap after
{Heap after GC invocations=10 (full 0):
 garbage-first heap   total 739328K, used 66292K [0x0000000701800000, 0x0000000800000000)
  region size 2048K, 4 young (8192K), 4 survivors (8192K)
 Metaspace       used 53343K, committed 53760K, reserved 1114112K
  class space    used 6955K, committed 7168K, reserved 1048576K
}

